<?xml version="1.0" encoding="UTF-8"?>
<testsuites>
  <testsuite name="CodeIgniter Application Test Suite" tests="2" assertions="2" failures="0" errors="0" time="0.214112">
    <testsuite name="Welcome_test" file="C:\xampp\htdocs\cuy\application\tests\controllers\Welcome_test.php" fullPackage="Welcome" tests="2" assertions="2" failures="0" errors="0" time="0.214112">
      <testcase name="test_index" class="Welcome_test" file="C:\xampp\htdocs\cuy\application\tests\controllers\Welcome_test.php" line="13" assertions="1" time="0.186453"/>
      <testcase name="test_method_404" class="Welcome_test" file="C:\xampp\htdocs\cuy\application\tests\controllers\Welcome_test.php" line="19" assertions="1" time="0.027659"/>
    </testsuite>
  </testsuite>
</testsuites>
